
> boatrace-ai-frontend@1.0.0 build
> next build

  ▲ Next.js 14.2.3

   Creating an optimized production build ...
 ✓ Compiled successfully
   Linting and checking validity of types ...
   Collecting page data ...
   Generating static pages (0/10) ...
   Generating static pages (2/10) 
   Generating static pages (4/10) 
   Generating static pages (7/10) 
 ✓ Generating static pages (10/10)
   Finalizing page optimization ...
   Collecting build traces ...

Route (app)                              Size     First Load JS
┌ ○ /                                    3.63 kB         101 kB
├ ○ /_not-found                          871 B          87.9 kB
├ ƒ /api/race/[race_id]                  0 B                0 B
├ ƒ /api/races                           0 B                0 B
├ ○ /legal/company                       1.86 kB        95.7 kB
├ ○ /legal/disclaimer                    1.86 kB        95.7 kB
├ ○ /legal/privacy                       1.86 kB        95.7 kB
├ ○ /legal/terms                         1.86 kB        95.7 kB
├ ƒ /race/[race_id]                      137 B          87.2 kB
└ ○ /races                               4.07 kB         101 kB
+ First Load JS shared by all            87 kB
  ├ chunks/23-caefcda17343c65e.js        31.5 kB
  ├ chunks/fd9d1056-1bdd5d023d4f8955.js  53.6 kB
  └ other shared chunks (total)          1.95 kB


○  (Static)   prerendered as static content
ƒ  (Dynamic)  server-rendered on demand

